-------------------------------------------------------------------------

	SOLVER SETTINGS
		  maxparticles----> 181944
		   formulation----> formulation_rVPM
		       viscous----> (Symbol("*userfunction"), "FLOWVPM.Inviscid{Float64}(0.0)")
		        kernel----> gaussianerf
		            UJ----> UJ_fmm
		          Uinf----> (Symbol("*userfunction"), "#147")
		           SFS----> SFS_none
		   integration----> rungekutta3
		    transposed----> true
		    relaxation----> pedrizzetti
		           fmm----> FLOWVPM.FMM(4, 50, 0.4, 0.5)

	SIMULATION SETTINGS
		dt:			0.006588948345167912
		Runtime function:	Yes
		Static particles:	Yes
		nsteps_save:		1

-------------------------------------------------------------------------
*************************************************************************
START tetheredwing-example/tetheredwing-example_pfield
	2023-12-02T16:53:11.670
*************************************************************************
	Time step 0 out of 360	Particles: 0
	Time step 10 out of 360	Particles: 4128
	Time step 20 out of 360	Particles: 8168
	Time step 30 out of 360	Particles: 12208
	Time step 40 out of 360	Particles: 16248
	Time step 50 out of 360	Particles: 20288
	Time step 60 out of 360	Particles: 24328
	Time step 70 out of 360	Particles: 28368
	Time step 80 out of 360	Particles: 32408
	Time step 90 out of 360	Particles: 36448
	Time step 100 out of 360	Particles: 40488
	Time step 110 out of 360	Particles: 44528
	Time step 120 out of 360	Particles: 48568
	Time step 130 out of 360	Particles: 52608
	Time step 140 out of 360	Particles: 56648
	Time step 150 out of 360	Particles: 60688
	Time step 160 out of 360	Particles: 64728
	Time step 170 out of 360	Particles: 68768
	Time step 180 out of 360	Particles: 72808
	Time step 190 out of 360	Particles: 76848
	Time step 200 out of 360	Particles: 80888
	Time step 210 out of 360	Particles: 84928
	Time step 220 out of 360	Particles: 88968
	Time step 230 out of 360	Particles: 93008
	Time step 240 out of 360	Particles: 97048
	Time step 250 out of 360	Particles: 101088
	Time step 260 out of 360	Particles: 105128
	Time step 270 out of 360	Particles: 109168
	Time step 280 out of 360	Particles: 113208
	Time step 290 out of 360	Particles: 117248
	Time step 300 out of 360	Particles: 121288
	Time step 310 out of 360	Particles: 125328
	Time step 320 out of 360	Particles: 129368
	Time step 330 out of 360	Particles: 133408
	Time step 340 out of 360	Particles: 137448
	Time step 350 out of 360	Particles: 141488
	Time step 360 out of 360	Particles: 145528
*************************************************************************
END tetheredwing-example/tetheredwing-example_pfield
	2023-12-02T17:21:15.331
*************************************************************************
ELAPSED TIME: 0 hours 28 minutes 3 seconds
