-------------------------------------------------------------------------

	SOLVER SETTINGS
		  maxparticles----> 47233
		   formulation----> formulation_rVPM
		       viscous----> (Symbol("*userfunction"), "FLOWVPM.Inviscid{Float64}(0.0)")
		        kernel----> gaussianerf
		            UJ----> UJ_fmm
		          Uinf----> (Symbol("*userfunction"), "#147")
		           SFS----> SFS_none
		   integration----> rungekutta3
		    transposed----> true
		    relaxation----> pedrizzetti
		           fmm----> FLOWVPM.FMM(4, 50, 0.4, 0.5)

	SIMULATION SETTINGS
		dt:			0.00018115942028985507
		Runtime function:	Yes
		Static particles:	Yes
		nsteps_save:		1

-------------------------------------------------------------------------
*************************************************************************
START /home/fynn/Repositories/BladeWakeOPT/01_single_turbine_simulation/data_out/basic_propeller_example/basic_propeller_example_pfield
	2023-12-31T14:41:08.663
*************************************************************************
	Time step 0 out of 288	Particles: 0
	Time step 10 out of 288	Particles: 942
	Time step 20 out of 288	Particles: 1974
	Time step 30 out of 288	Particles: 2900
	Time step 40 out of 288	Particles: 3798
	Time step 50 out of 288	Particles: 4644
	Time step 60 out of 288	Particles: 5500
	Time step 70 out of 288	Particles: 6344
	Time step 80 out of 288	Particles: 7188
	Time step 90 out of 288	Particles: 8028
	Time step 100 out of 288	Particles: 8878
	Time step 110 out of 288	Particles: 9724
	Time step 120 out of 288	Particles: 10570
	Time step 130 out of 288	Particles: 11414
	Time step 140 out of 288	Particles: 12266
	Time step 150 out of 288	Particles: 13114
	Time step 160 out of 288	Particles: 13958
	Time step 170 out of 288	Particles: 14808
	Time step 180 out of 288	Particles: 15658
	Time step 190 out of 288	Particles: 16506
	Time step 200 out of 288	Particles: 17354
	Time step 210 out of 288	Particles: 18198
	Time step 220 out of 288	Particles: 19046
	Time step 230 out of 288	Particles: 19892
	Time step 240 out of 288	Particles: 20742
	Time step 250 out of 288	Particles: 21592
	Time step 260 out of 288	Particles: 22438
	Time step 270 out of 288	Particles: 23282
	Time step 280 out of 288	Particles: 24138
*************************************************************************
END /home/fynn/Repositories/BladeWakeOPT/01_single_turbine_simulation/data_out/basic_propeller_example/basic_propeller_example_pfield
	2023-12-31T14:47:12.876
*************************************************************************
ELAPSED TIME: 0 hours 6 minutes 4 seconds
