-------------------------------------------------------------------------

	SOLVER SETTINGS
		  maxparticles----> 43633
		   formulation----> formulation_rVPM
		       viscous----> (Symbol("*userfunction"), "FLOWVPM.Inviscid{Float64}(0.0)")
		        kernel----> gaussianerf
		            UJ----> UJ_fmm
		          Uinf----> (Symbol("*userfunction"), "#147")
		           SFS----> SFS_none
		   integration----> euler
		    transposed----> true
		    relaxation----> pedrizzetti
		           fmm----> FLOWVPM.FMM(4, 50, 0.4, 0.5)

	SIMULATION SETTINGS
		dt:			0.13774104683195593
		Runtime function:	Yes
		Static particles:	Yes
		nsteps_save:		1

-------------------------------------------------------------------------
*************************************************************************
START /home/fynn/Repositories/BladeWakeOPT/01_single_turbine_simulation/data_out/NREL5MW_turbine_simulation/NREL5MW_turbine_simulation_pfield
	2024-01-20T23:57:51.130
*************************************************************************
	Time step 0 out of 36	Particles: 0
	Time step 10 out of 36	Particles: 5251
	Time step 20 out of 36	Particles: 10906
	Time step 30 out of 36	Particles: 16449
*************************************************************************
END /home/fynn/Repositories/BladeWakeOPT/01_single_turbine_simulation/data_out/NREL5MW_turbine_simulation/NREL5MW_turbine_simulation_pfield
	2024-01-20T23:58:41.896
*************************************************************************
ELAPSED TIME: 0 hours 0 minutes 50 seconds
