nt,t (s),enstrophy (m^3/s^2)
1,0.0255922319516671,126.39745039392464
2,0.0511844639033342,126.51654346960139
3,0.0767766958550013,126.67824976874654
4,0.1023689278066684,126.8133285003742
5,0.1279611597583355,126.97322165539711
6,0.1535533917100026,127.12912606087826
7,0.1791456236616697,127.25541899668575
8,0.2047378556133368,127.42991118374876
9,0.2303300875650039,127.52065487376176
10,0.255922319516671,127.61725447296813
11,0.2815145514683381,127.75524474536132
12,0.3071067834200052,127.89843641546365
13,0.3326990153716723,128.14230526843224
14,0.3582912473233394,128.4051562157479
15,0.3838834792750065,128.61059922708117
16,0.4094757112266736,128.82029092655625
17,0.4350679431783407,129.05695934936475
18,0.4606601751300078,129.2825352215418
19,0.4862524070816749,129.54669838007973
20,0.511844639033342,129.74094884181406
21,0.537436870985009,129.8106961997499
22,0.5630291029366761,129.82205301006923
23,0.5886213348883431,129.89047647871564
24,0.6142135668400102,130.08224230325413
25,0.6398057987916772,130.3762212442857
26,0.6653980307433442,130.68075462755385
27,0.6909902626950113,130.91013517996356
28,0.7165824946466783,131.00402913455278
29,0.7421747265983454,130.9618790707905
30,0.7677669585500124,130.9434300708748
31,0.7933591905016795,130.94190215899732
32,0.8189514224533465,130.9264991602198
33,0.8445436544050136,130.84232504645846
34,0.8701358863566806,130.81687804715924
35,0.8957281183083476,130.83261250294967
36,0.9213203502600147,130.9033852176638
37,0.9469125822116817,131.04342266212427
38,0.9725048141633488,131.19764797642276
39,0.9980970461150158,131.32966037251276
40,1.0236892780666829,131.47788120046332
41,1.04928151001835,131.64616509680542
42,1.074873741970017,131.61858915992977
43,1.100465973921684,131.3785455768014
44,1.126058205873351,130.98227752520563
45,1.151650437825018,130.6375493474357
46,1.1772426697766851,130.46526051130803
47,1.2028349017283522,130.54251858046013
48,1.2284271336800192,130.67478353448516
49,1.2540193656316863,130.77029327602853
50,1.2796115975833533,130.7267898436395
51,1.3052038295350203,130.64210595273656
52,1.3307960614866874,130.60740373890292
53,1.3563882934383544,130.6564481481777
54,1.3819805253900215,130.76719188142243
55,1.4075727573416885,130.82641032785043
56,1.4331649892933556,130.7948667117039
57,1.4587572212450226,130.72057720997398
58,1.4843494531966896,130.65801040635722
59,1.5099416851483567,130.6355167102441
60,1.5355339171000237,130.6175829359901
61,1.5611261490516908,130.58203344000404
62,1.5867183810033578,130.54764749122597
63,1.6123106129550249,130.54839214461992
64,1.637902844906692,130.59861583676633
65,1.663495076858359,130.68376022327323
66,1.689087308810026,130.77636592923386
67,1.714679540761693,130.90285507787655
68,1.74027177271336,131.0536552904555
69,1.7658640046650271,131.2170220973614
70,1.7914562366166942,131.4179808647698
71,1.8170484685683612,131.60742894722625
72,1.8426407005200283,131.7776398031565
73,1.8682329324716953,131.93848422519463
74,1.8938251644233624,132.07420627051695
75,1.9194173963750294,132.31651581488092
76,1.9450096283266964,132.56503051948295
77,1.9706018602783635,132.8687562828336
78,1.9961940922300305,133.20407869135377
79,2.0217863241816976,133.62086187294182
80,2.047378556133365,134.01481034892913
81,2.072970788085032,134.3147564163713
82,2.0985630200366994,134.5392299111456
83,2.1241552519883666,134.640679145254
84,2.149747483940034,134.7016032051664
85,2.175339715891701,134.7929101101667
86,2.2009319478433684,134.95718273741042
87,2.2265241797950357,135.2030133386616
88,2.252116411746703,135.48824524047564
89,2.2777086436983702,135.74064872693225
90,2.3033008756500375,135.96555791382752
91,2.3288931076017048,136.13441288195196
92,2.354485339553372,136.19748153336135
93,2.3800775715050393,136.35353764283735
94,2.4056698034567066,136.60925051984128
95,2.431262035408374,136.9868497493151
96,2.456854267360041,137.48960255375908
97,2.4824464993117084,138.16404670810638
98,2.5080387312633756,138.83179165654002
99,2.533630963215043,139.36084145910226
100,2.55922319516671,139.6800758776173
101,2.5848154271183774,139.78225737783444
102,2.6104076590700447,139.8409439083174
103,2.635999891021712,140.06835909403299
104,2.661592122973379,140.4293951984043
105,2.6871843549250465,140.85690375359692
106,2.7127765868767137,141.2313973259722
107,2.738368818828381,141.5283244427396
108,2.7639610507800483,141.74925249112175
109,2.7895532827317155,141.89604428012342
110,2.815145514683383,141.98896196426523
111,2.84073774663505,142.03621895301364
112,2.8663299785867173,142.1972940489373
113,2.8919222105383846,142.7842891218292
114,2.917514442490052,143.59636554322927
115,2.943106674441719,144.35164556632702
116,2.9686989063933864,144.83193727199347
117,2.9942911383450537,145.07033459594808
118,3.019883370296721,145.1952976202497
119,3.045475602248388,145.33675717850406
120,3.0710678342000555,145.5439136254854
121,3.0966600661517227,145.7443316652174
122,3.12225229810339,145.90202002785637
123,3.1478445300550573,146.0945449388541
124,3.1734367620067245,146.31670308960958
125,3.199028993958392,146.49253503460375
126,3.224621225910059,146.5005681844161
127,3.2502134578617263,146.38107293985593
128,3.2758056898133936,146.33414724763807
129,3.301397921765061,146.42899439595413
130,3.326990153716728,146.80107963142663
131,3.3525823856683954,147.17568551631837
132,3.3781746176200627,147.48888534504167
133,3.40376684957173,147.8483165954655
134,3.429359081523397,148.29980728951514
135,3.4549513134750645,148.90839382046576
136,3.4805435454267317,149.59532828549493
137,3.506135777378399,150.07184571553088
138,3.5317280093300663,150.4283519392666
139,3.5573202412817335,150.7945161425844
140,3.582912473233401,151.24698765702334
141,3.608504705185068,151.70956233010526
142,3.6340969371367353,152.0580645187304
143,3.6596891690884026,152.17619927074085
144,3.68528140104007,152.3456319123925
145,3.710873632991737,152.68054093328726
146,3.7364658649434044,152.98819467787152
147,3.7620580968950716,153.0201226601105
148,3.787650328846739,152.81333517340596
149,3.813242560798406,152.69230363509928
150,3.8388347927500734,152.92400839265426
151,3.8644270247017407,153.42748520470747
152,3.890019256653408,154.0151307023527
153,3.9156114886050752,154.44033246088367
154,3.9412037205567425,154.6236942790342
155,3.9667959525084098,154.63378494274934
156,3.992388184460077,154.52336253455627
157,4.017980416411744,154.33132017028205
158,4.043572648363411,154.10272446382191
159,4.069164880315078,153.93270525088508
160,4.094757112266746,153.9256671267582
161,4.120349344218413,154.0620495136956
162,4.14594157617008,154.2221131630707
163,4.1715338081217475,154.3903114058988
164,4.197126040073415,154.63573806428278
165,4.222718272025082,154.9116925308673
166,4.248310503976749,155.36706003323678
167,4.2739027359284165,155.88563530885125
168,4.299494967880084,156.38572961485968
169,4.325087199831751,156.75047387165418
170,4.350679431783418,157.00892402036942
171,4.376271663735086,157.19012084443779
172,4.401863895686753,157.3265661692582
173,4.42745612763842,157.4220529470648
174,4.453048359590087,157.38936375729187
175,4.478640591541755,157.34290435764507
176,4.504232823493422,157.33733382747974
177,4.529825055445089,157.5171893952104
178,4.555417287396756,157.86517506749553
179,4.581009519348424,158.1824935194821
180,4.606601751300091,158.38723658933756
181,4.632193983251758,158.51653143728336
182,4.6577862152034255,158.56132902078522
183,4.683378447155093,158.54493270151985
184,4.70897067910676,158.4677651833054
185,4.734562911058427,158.37384111889267
186,4.760155143010095,158.38427102236278
187,4.785747374961762,158.55762885749985
188,4.811339606913429,158.82195434280047
189,4.836931838865096,159.0435817065891
190,4.862524070816764,159.16712823895594
191,4.888116302768431,159.17877988836372
192,4.913708534720098,159.14821164858972
193,4.939300766671765,159.12386586912942
194,4.964892998623433,159.0662620577671
195,4.9904852305751,159.00178888535547
196,5.016077462526767,158.9885305126476
197,5.0416696944784345,159.11468225406816
198,5.067261926430102,159.37401042253785
199,5.092854158381769,159.6441638695483
200,5.118446390333436,159.90317492010263
201,5.144038622285104,159.9010890896411
202,5.169630854236771,159.96715083685854
203,5.195223086188438,160.01057716044195
204,5.220815318140105,160.0694225895532
205,5.246407550091773,160.1226192368479
206,5.27199978204344,160.1613899938372
207,5.297592013995107,160.24742700219034
208,5.323184245946774,160.4133540093137
209,5.348776477898442,160.6619272545843
210,5.374368709850109,160.8383692099815
211,5.399960941801776,160.8514814873793
212,5.4255531737534435,160.79573095426832
213,5.451145405705111,160.78581266571172
214,5.476737637656778,160.85111334445526
215,5.502329869608445,160.923113279754
216,5.5279221015601125,161.05598112575927
217,5.55351433351178,161.06500463673558
218,5.579106565463447,161.04187463007807
219,5.604698797415114,161.01108112447338
220,5.630291029366782,161.0055632442903
221,5.655883261318449,160.93127708170408
222,5.681475493270116,160.76448800775387
223,5.707067725221783,160.59986332624555
224,5.732659957173451,160.57683763632764
225,5.758252189125118,160.6781432835572
226,5.783844421076785,160.8122822098966
227,5.8094366530284525,160.8984646307823
228,5.83502888498012,160.91441473546175
229,5.860621116931787,160.91007660789708
230,5.886213348883454,160.92266878716796
231,5.9118055808351215,160.93897765960608
232,5.937397812786789,160.95582119968043
233,5.962990044738456,160.98233367631002
234,5.988582276690123,161.03189300981415
235,6.014174508641791,161.12379483441185
236,6.039766740593458,161.23137766417787
237,6.065358972545125,161.20375148065563
238,6.090951204496792,161.18790234982723
239,6.11654343644846,161.13006100592474
240,6.142135668400127,161.09959423907432
241,6.167727900351794,161.09780772409007
242,6.1933201323034615,161.18641685083531
243,6.218912364255129,161.33323807836965
244,6.244504596206796,161.53143307469645
245,6.270096828158463,161.72917907254555
246,6.2956890601101305,161.95455215860764
247,6.321281292061798,162.1393575581098
248,6.346873524013465,162.23781702772163
249,6.372465755965132,162.325799646187
250,6.3980579879168,162.38728554591427
251,6.423650219868467,162.46911548224472
252,6.449242451820134,162.5713231824061
253,6.474834683771801,162.73158341266804
254,6.500426915723469,162.9475694111523
255,6.526019147675136,163.17318802587403
256,6.551611379626803,163.39664839376806
257,6.57720361157847,163.6439589649689
258,6.602795843530138,163.88857979913044
259,6.628388075481805,164.13235176888506
260,6.653980307433472,164.42501795508682
261,6.6795725393851395,164.6994734858817
262,6.705164771336807,165.01543482668163
263,6.730757003288474,165.40088617739747
264,6.756349235240141,165.90595998235605
265,6.781941467191809,166.51183732837788
266,6.807533699143476,167.2014167478542
267,6.833125931095143,167.86573310672603
268,6.85871816304681,168.52611025809907
269,6.884310394998478,169.1734943511764
270,6.909902626950145,169.80915428263546
271,6.935494858901812,170.41096420002376
272,6.961087090853479,170.9895230348873
273,6.986679322805147,171.54694601547843
274,7.012271554756814,172.11226602411364
275,7.037863786708481,172.7594408792506
276,7.0634560186601485,173.36327924691744
277,7.089048250611816,173.96818545749727
278,7.114640482563483,174.5461264673646
279,7.14023271451515,175.06013135953077
280,7.165824946466818,175.58266423725408
281,7.191417178418485,176.1610026620957
282,7.217009410370152,176.86269820939708
283,7.242601642321819,177.59123864060558
284,7.268193874273487,178.3433913974757
285,7.293786106225154,179.13439858849569
286,7.319378338176821,179.8968740011482
287,7.344970570128488,180.67581541777045
288,7.370562802080156,181.45903319453586
289,7.396155034031823,182.20211083211052
290,7.42174726598349,182.8967478994659
291,7.4473394979351575,183.55786048185888
292,7.472931729886825,184.22969234011464
293,7.498523961838492,184.95638693301666
294,7.524116193790159,185.73318805340992
295,7.5497084257418265,186.4790277292887
296,7.575300657693494,187.21782399880368
297,7.600892889645161,187.8998050823306
298,7.626485121596828,188.58667853052327
299,7.652077353548496,189.34544679801263
300,7.677669585500163,190.18246644766333
301,7.70326181745183,191.06049607037053
302,7.728854049403497,191.94911853616844
303,7.754446281355165,192.78150933491125
304,7.780038513306832,193.71212617323553
305,7.805630745258499,194.54792668899847
306,7.8312229772101665,195.29522353459726
307,7.856815209161834,196.0025111471651
308,7.882407441113501,196.6988195234952
309,7.907999673065168,197.46466061171415
310,7.9335919050168355,198.23348337278765
311,7.959184136968503,199.10294551143966
312,7.98477636892017,199.96268308338804
313,8.010368600871837,200.80553337469897
314,8.035960832823504,201.66807724597237
315,8.06155306477517,202.55118522401656
316,8.087145296726836,203.4859345515378
317,8.112737528678503,204.3845556526406
318,8.13832976063017,205.27028783211827
319,8.163921992581836,206.2078316168157
320,8.189514224533502,207.28195537870928
321,8.215106456485168,208.43311338096697
322,8.240698688436835,209.42770477769926
323,8.266290920388501,210.3856305541002
324,8.291883152340167,211.33838643447703
325,8.317475384291834,212.30312650465495
326,8.3430676162435,213.26809001054318
327,8.368659848195167,214.32955524498033
328,8.394252080146833,215.45570449235396
329,8.4198443120985,216.56909099991907
330,8.445436544050166,217.6211771304805
331,8.471028776001832,218.68768923107032
332,8.496621007953499,219.8606780779996
333,8.522213239905165,221.01980387741165
334,8.547805471856831,222.1335589448695
335,8.573397703808498,223.25734594539767
336,8.598989935760164,224.5376178143815
337,8.62458216771183,225.94181695171758
338,8.650174399663497,227.27328599945963
339,8.675766631615163,228.52836039213548
340,8.70135886356683,229.66840646664627
341,8.726951095518496,230.79176367275005
342,8.752543327470162,231.99840991772558
343,8.778135559421829,233.34506592557514
344,8.803727791373495,234.80475796773342
345,8.829320023325161,236.10547447870636
346,8.854912255276828,237.23916533104432
347,8.880504487228494,238.50866692391068
348,8.90609671918016,239.9852231412789
349,8.931688951131827,241.51330530916053
350,8.957281183083493,243.00748103569276
351,8.98287341503516,244.54790251886723
352,9.008465646986826,246.17496966417724
353,9.034057878938492,247.93491427579104
354,9.059650110890159,249.70708639295984
355,9.085242342841825,251.43055485255772
356,9.110834574793492,253.17915758184418
357,9.136426806745158,255.00665149592754
358,9.162019038696824,256.7686006181618
359,9.18761127064849,258.4094759428574
360,9.213203502600157,260.06827042567113
361,9.238795734551823,261.99455078858773
362,9.26438796650349,264.1052480539106
363,9.289980198455156,266.2216251027861
364,9.315572430406823,268.2526785435913
365,9.341164662358489,270.3052845146513
366,9.366756894310155,272.425636190087
367,9.392349126261822,274.70110731034816
368,9.417941358213488,277.1198390195504
369,9.443533590165154,279.5631707620261
370,9.46912582211682,281.9698701287818
371,9.494718054068487,284.3817483474902
372,9.520310286020154,286.82962675757676
373,9.54590251797182,289.6234286331398
374,9.571494749923486,292.5042343806276
375,9.597086981875153,295.266077063594
376,9.62267921382682,298.0432674302756
377,9.648271445778485,301.12097894444327
378,9.673863677730152,304.3000464315823
379,9.699455909681818,307.4922161760898
380,9.725048141633485,310.58519971043717
381,9.750640373585151,313.6659601032105
382,9.776232605536817,317.0586676166338
383,9.801824837488484,320.53797191077075
384,9.82741706944015,323.9811937484365
385,9.853009301391817,327.30738167297517
386,9.878601533343483,330.56820694189025
387,9.90419376529515,333.78422848779235
388,9.929785997246816,337.1380708180367
389,9.955378229198482,340.3996484100778
390,9.980970461150148,343.47163678080324
391,10.006562693101815,346.6951993766269
392,10.032154925053481,349.7083009706197
393,10.057747157005148,352.76541292086426
394,10.083339388956814,355.8932592167464
395,10.10893162090848,358.72048053512464
396,10.134523852860147,361.42251890926116
397,10.160116084811813,363.92710827697914
398,10.18570831676348,366.4514255422446
399,10.211300548715146,368.9516176023418
400,10.236892780666812,371.2544312301166
401,10.262485012618479,373.4994575789283
402,10.288077244570145,375.6039665585703
403,10.313669476521811,377.50630065339783
404,10.339261708473478,379.27312941179986
405,10.364853940425144,381.0779500774547
406,10.39044617237681,382.840327770153
407,10.416038404328477,384.43000261877836
408,10.441630636280143,385.81440693534023
409,10.46722286823181,387.0853517690667
410,10.492815100183476,388.4528231050062
411,10.518407332135142,389.75462106672313
412,10.543999564086809,390.80503336985987
413,10.569591796038475,391.7987295046602
414,10.595184027990141,393.0167961738113
415,10.620776259941808,394.25432266583255
416,10.646368491893474,395.24389980696037
417,10.67196072384514,396.0367247283678
418,10.697552955796807,396.872370795862
419,10.723145187748473,397.8417880146196
420,10.74873741970014,398.7844004148264
421,10.774329651651806,399.47576483877396
422,10.799921883603472,400.25625555390195
423,10.825514115555139,401.1327737886824
424,10.851106347506805,402.0611830631807
425,10.876698579458472,403.0150401543609
426,10.902290811410138,403.9495649312876
427,10.927883043361804,404.8494616991989
428,10.95347527531347,405.60751461594003
429,10.979067507265137,406.42166132927673
430,11.004659739216804,406.90553779339257
431,11.03025197116847,408.0163369568408
432,11.055844203120136,409.1200223523524
433,11.081436435071803,410.2637265774616
434,11.107028667023469,411.4967321044664
435,11.132620898975135,412.73174599200536
436,11.158213130926802,414.0083815552339
437,11.183805362878468,415.3008033116233
438,11.209397594830135,416.6035508385666
439,11.234989826781801,417.66167787214346
440,11.260582058733467,418.9455435379066
441,11.286174290685134,420.2977894132405
442,11.3117665226368,421.7278995952882
443,11.337358754588466,423.17304996854654
444,11.362950986540133,424.6469677391564
445,11.3885432184918,426.0413733959263
446,11.414135450443466,427.530312008623
447,11.439727682395132,428.7298637822895
448,11.465319914346798,430.0509921901754
449,11.490912146298465,431.80785365204684
450,11.516504378250131,433.234096882034
451,11.542096610201797,434.4700088729613
452,11.567688842153464,436.33153202619275
453,11.59328107410513,437.98220735453896
454,11.618873306056797,439.2255896598678
455,11.644465538008463,440.7231885856395
456,11.67005776996013,442.30293105322977
457,11.695650001911796,443.9406283111862
458,11.721242233863462,445.6363287199893
459,11.746834465815128,447.2124952897711
460,11.772426697766795,448.77636953395233
461,11.798018929718461,450.42714717618173
462,11.823611161670128,451.9748092261188
463,11.849203393621794,453.54844646119926
464,11.87479562557346,455.11196890175825
465,11.900387857525127,456.58920027443304
466,11.925980089476793,457.91833487843604
467,11.95157232142846,459.28187940054494
468,11.977164553380126,460.6943673379601
469,12.002756785331792,462.08321567711016
470,12.028349017283459,463.31068890486756
471,12.053941249235125,464.5945735057154
472,12.079533481186791,465.8207470683038
473,12.105125713138458,466.91933740253376
474,12.130717945090124,467.9906895977696
475,12.15631017704179,469.02076154952135
476,12.181902408993457,470.0507814207451
477,12.207494640945123,471.11256633949284
478,12.23308687289679,472.01110612460485
479,12.258679104848456,472.8524272820547
480,12.284271336800122,473.7163786558462
481,12.309863568751789,474.4321533342103
482,12.335455800703455,475.146557651294
483,12.361048032655122,475.87296078609023
484,12.386640264606788,476.5014167360761
485,12.412232496558454,477.23485162739416
486,12.43782472851012,478.1618213144645
487,12.463416960461787,478.82672795246907
488,12.489009192413453,479.4524889667067
489,12.51460142436512,480.03596352273803
490,12.540193656316786,480.63573832901614
491,12.565785888268453,481.20668517939305
492,12.591378120220119,481.74745178031316
493,12.616970352171785,482.2446450193089
494,12.642562584123452,482.76080621940275
495,12.668154816075118,483.2109836765665
496,12.693747048026784,483.65630206043596
497,12.71933927997845,484.06264897142194
498,12.744931511930117,484.48731690363553
499,12.770523743881784,484.9101117999455
500,12.79611597583345,485.2672538948673
501,12.821708207785116,485.57684285634105
502,12.847300439736783,485.91368295074386
503,12.872892671688449,486.2600411568811
504,12.898484903640115,486.54435092775844
505,12.924077135591782,486.7845628350972
506,12.949669367543448,486.98694156286814
507,12.975261599495115,487.1813141838403
508,13.000853831446781,487.349994461806
509,13.026446063398447,487.4842497483311
510,13.052038295350114,487.5868391746094
511,13.07763052730178,487.66283501156687
512,13.103222759253446,487.72163923204425
513,13.128814991205113,487.6693595416221
514,13.15440722315678,487.7725031123573
515,13.179999455108446,487.75839877104596
516,13.205591687060112,487.7508529645773
517,13.231183919011778,487.7084592685931
518,13.256776150963445,487.6751227883538
519,13.282368382915111,487.6050858368655
520,13.307960614866778,487.5250813328638
521,13.333552846818444,487.3908863585112
522,13.35914507877011,487.2294419611515
523,13.384737310721777,487.06742910415363
524,13.410329542673443,486.87932028729057
525,13.43592177462511,486.6626342726341
526,13.461514006576776,486.40583777050114
527,13.487106238528442,486.11739976357893
528,13.512698470480109,485.70202787751776
529,13.538290702431775,485.37049520473226
530,13.563882934383441,485.07188303585144
531,13.589475166335108,484.90498394167605
532,13.615067398286774,484.56987193045114
533,13.64065963023844,484.3152305257574
534,13.666251862190107,483.9961671488559
535,13.691844094141773,483.65648606387447
536,13.71743632609344,483.2986973591612
537,13.743028558045106,482.96842928497995
538,13.768620789996772,482.6262273815213
539,13.794213021948439,482.2649501539556
540,13.819805253900105,481.8853271415933
541,13.845397485851771,481.5151747678136
542,13.870989717803438,481.1241233982866
543,13.896581949755104,480.4649484743745
544,13.92217418170677,480.09261804931185
545,13.947766413658437,479.91811690175655
546,13.973358645610103,479.5715094083341
547,13.99895087756177,479.19913459924527
548,14.024543109513436,478.8358055706091
549,14.050135341465102,478.491913055106
550,14.075727573416769,478.24633506990193
551,14.101319805368435,477.9182006459406
552,14.126912037320102,477.5932720371672
553,14.152504269271768,477.1776765696068
554,14.178096501223434,476.7835651351965
555,14.2036887331751,476.4986429379822
556,14.229280965126767,476.0829527030373
557,14.254873197078433,475.56811567452604
558,14.2804654290301,475.26496068124874
559,14.306057660981766,474.7999883078119
560,14.331649892933433,474.32610603186083
561,14.357242124885099,473.7887389701213
562,14.382834356836765,473.28150403665444
563,14.408426588788432,472.7767304615975
564,14.434018820740098,472.4730303014195
565,14.459611052691764,471.9064651346889
566,14.48520328464343,471.33930036388455
567,14.510795516595097,470.7483341103259
568,14.536387748546764,470.1269215737359
569,14.56197998049843,469.50765209778405
570,14.587572212450096,468.8769226655284
571,14.613164444401763,468.23638691913277
572,14.63875667635343,467.58503928559185
573,14.664348908305096,466.7131854319155
574,14.689941140256762,466.3015431280819
575,14.715533372208428,465.8881418390204
576,14.741125604160095,465.48442400419617
577,14.766717836111761,465.04600075385605
578,14.792310068063427,464.6423755979299
579,14.817902300015094,464.2491672549998
580,14.84349453196676,463.73961637374117
581,14.869086763918427,463.46238872377177
582,14.894678995870093,463.09764138000185
583,14.92027122782176,462.7788236076307
584,14.945863459773426,462.32088892275533
585,14.971455691725092,461.85119670777317
586,14.997047923676758,461.58465999960515
587,15.022640155628425,461.1332707524352
588,15.048232387580091,460.79840466793394
589,15.073824619531758,460.50276082331413
590,15.099416851483424,460.2420561010565
591,15.12500908343509,460.00756215022903
592,15.150601315386757,459.6758495839302
593,15.176193547338423,459.4673497411982
594,15.20178577929009,459.24730332723226
595,15.227378011241756,459.01019744252403
596,15.252970243193422,458.7681686127979
597,15.278562475145089,458.50670679982807
598,15.304154707096755,458.36788185648345
599,15.329746939048421,458.5947849162618
600,15.355339171000088,458.85360506981726
601,15.380931402951754,459.10233495680535
602,15.40652363490342,459.32544976730554
603,15.432115866855087,459.5296988345149
604,15.457708098806753,459.76141768929836
605,15.48330033075842,460.0896457013489
606,15.508892562710086,460.3384466367408
607,15.534484794661752,460.6266617191327
608,15.560077026613419,460.93929852433143
609,15.585669258565085,461.35739301621845
610,15.611261490516751,461.7845283617632
611,15.636853722468418,462.06901249792634
612,15.662445954420084,462.5349657422317
613,15.68803818637175,462.8591368174963
614,15.713630418323417,463.2676378622476
615,15.739222650275083,463.61121531903257
616,15.76481488222675,463.9646812006138
617,15.790407114178416,464.3249601188953
618,15.815999346130083,464.72639002884534
619,15.841591578081749,465.1779337129978
620,15.867183810033415,465.5937737022065
621,15.892776041985082,466.01754162636314
622,15.918368273936748,466.440249745909
623,15.943960505888414,467.2147384662837
624,15.96955273784008,467.7587156893741
625,15.995144969791747,468.39519648053397
626,16.020737201743415,469.0228058664215
627,16.04632943369508,469.6014930968251
628,16.071921665646748,470.2487299747511
629,16.097513897598414,470.87025602494583
630,16.12310612955008,471.46838572956625
631,16.148698361501747,472.0360425533173
632,16.174290593453414,472.36847218540805
633,16.19988282540508,472.8637040405547
634,16.225475057356746,473.378109502501
635,16.251067289308413,473.94484073302544
636,16.27665952126008,474.43756248830016
637,16.302251753211745,474.91590871170183
638,16.327843985163412,475.3676397985502
639,16.353436217115078,475.7896621406757
640,16.379028449066745,476.2225090361339
641,16.40462068101841,476.5043959062855
642,16.430212912970077,476.90684891585846
643,16.455805144921744,477.2962502009175
644,16.48139737687341,477.6191943483304
645,16.506989608825076,478.1088608714033
646,16.532581840776743,478.34325620844265
647,16.55817407272841,478.7004103005165
648,16.583766304680076,479.05726143401677
649,16.609358536631742,479.4083781566047
650,16.63495076858341,479.7760381066225
651,16.660543000535075,479.9690683215794
652,16.68613523248674,480.633723973147
653,16.711727464438408,481.02269708133747
654,16.737319696390074,481.39288665688895
655,16.76291192834174,481.7538852685976
656,16.788504160293407,482.13483202101753
657,16.814096392245073,482.4801416016041
658,16.83968862419674,482.80527784349897
659,16.865280856148406,483.1356318872754
660,16.890873088100072,483.475403156721
661,16.91646532005174,483.7977628332328
662,16.942057552003405,484.10295604040505
663,16.96764978395507,484.3666068321694
664,16.993242015906738,484.6913602928513
665,17.018834247858404,484.99534921766644
666,17.04442647981007,485.27761757504766
667,17.070018711761737,485.31997397460617
668,17.095610943713403,485.76484907741224
669,17.12120317566507,486.0260562659446
670,17.146795407616736,486.2664967614407
671,17.172387639568402,486.48252838473434
672,17.19797987152007,486.6710460735648
673,17.223572103471735,486.8270292530091
674,17.2491643354234,486.9924479348857
675,17.274756567375068,487.1190832945977
676,17.300348799326734,487.2125723887792
677,17.3259410312784,487.2687050627115
678,17.351533263230067,487.267702308963
679,17.377125495181733,487.22798769203257
680,17.4027177271334,487.18181660461937
681,17.428309959085066,487.3986842890831
682,17.453902191036732,487.25491424124414
683,17.4794944229884,487.2393725683766
684,17.505086654940065,487.2174442328389
685,17.53067888689173,487.1881214595012
686,17.556271118843398,487.1245151453934
687,17.581863350795064,487.02588147565746
688,17.60745558274673,486.89085704363174
689,17.633047814698397,486.7216285993992
690,17.658640046650063,486.57137278976904
691,17.68423227860173,486.4093764316542
692,17.709824510553396,486.22200008492445
693,17.735416742505063,486.0098444936234
694,17.76100897445673,485.68900053296994
695,17.786601206408395,485.3684287923768
696,17.81219343836006,485.3240713380214
697,17.837785670311728,485.0557550357031
698,17.863377902263395,484.76510860508495
699,17.88897013421506,484.5260588792024
700,17.914562366166727,484.25073834486295
